c:\users\max\source\repos\сда\lab9\x64\debug\vc142.pdb
c:\users\max\source\repos\сда\lab9\x64\debug\vc142.idb
c:\users\max\source\repos\сда\lab9\x64\debug\queueoflong.obj
c:\users\max\source\repos\сда\lab9\x64\debug\lab9.obj
c:\users\max\source\repos\сда\lab9\x64\debug\queue.obj
c:\users\max\source\repos\сда\lab9\x64\debug\task9.obj
c:\users\max\source\repos\сда\x64\debug\3.25.pdb
c:\users\max\source\repos\сда\lab9\x64\debug\3.25.tlog\cl.command.1.tlog
c:\users\max\source\repos\сда\lab9\x64\debug\3.25.tlog\cl.read.1.tlog
c:\users\max\source\repos\сда\lab9\x64\debug\3.25.tlog\cl.write.1.tlog
c:\users\max\source\repos\сда\lab9\x64\debug\3.25.tlog\link-cvtres.read.1.tlog
c:\users\max\source\repos\сда\lab9\x64\debug\3.25.tlog\link-cvtres.write.1.tlog
c:\users\max\source\repos\сда\lab9\x64\debug\3.25.tlog\link-rc.read.1.tlog
c:\users\max\source\repos\сда\lab9\x64\debug\3.25.tlog\link-rc.write.1.tlog
c:\users\max\source\repos\сда\lab9\x64\debug\3.25.tlog\link.2880-cvtres.read.1.tlog
c:\users\max\source\repos\сда\lab9\x64\debug\3.25.tlog\link.2880-cvtres.write.1.tlog
c:\users\max\source\repos\сда\lab9\x64\debug\3.25.tlog\link.2880-rc.read.1.tlog
c:\users\max\source\repos\сда\lab9\x64\debug\3.25.tlog\link.2880-rc.write.1.tlog
c:\users\max\source\repos\сда\lab9\x64\debug\3.25.tlog\link.2880.read.1.tlog
c:\users\max\source\repos\сда\lab9\x64\debug\3.25.tlog\link.2880.write.1.tlog
c:\users\max\source\repos\сда\lab9\x64\debug\3.25.tlog\link.command.1.tlog
c:\users\max\source\repos\сда\lab9\x64\debug\3.25.tlog\link.read.1.tlog
c:\users\max\source\repos\сда\lab9\x64\debug\3.25.tlog\link.write.1.tlog
